<?xml version="1.0" encoding="UTF-8"?>
<testsuite xmlns:xsi="http://www.w3.org/2001/XMLSchema-instance" xsi:noNamespaceSchemaLocation="https://maven.apache.org/surefire/maven-surefire-plugin/xsd/surefire-test-report.xsd" version="3.0.2" name="com.cns.plugin3d.ApplicationTests" time="2.255" tests="1" errors="0" skipped="0" failures="0">
  <properties>
[...]
</properties>
  <testcase name="contextLoads" classname="com.cns.plugin3d.ApplicationTests" time="0.215">
    <system-out><![CDATA[Standard Commons Logging discovery in action with spring-jcl: please remove commons-logging.jar from classpath in order to avoid potential conflicts
13:55:14.811 [main] INFO org.springframework.test.context.support.AnnotationConfigContextLoaderUtils -- Could not detect default configuration classes for test class [com.cns.plugin3d.ApplicationTests]: ApplicationTests does not declare any static, non-private, non-final, nested classes annotated with @Configuration.
13:55:14.876 [main] INFO org.springframework.boot.test.context.SpringBootTestContextBootstrapper -- Found @SpringBootConfiguration com.cns.plugin3d.Application for test class com.cns.plugin3d.ApplicationTests

  .   ____          _            __ _ _
 /\\ / ___'_ __ _ _(_)_ __  __ _ \ \ \ \
( ( )\___ | '_ | '_| | '_ \/ _` | \ \ \ \
 \\/  ___)| |_)| | | | | || (_| |  ) ) ) )
  '  |____| .__|_| |_|_| |_\__, | / / / /
 =========|_|==============|___/=/_/_/_/

 :: Spring Boot ::                (v3.5.6)

2025-10-09T13:55:15.044+07:00  INFO 68747 --- [000902001_Backend] [           main] com.cns.plugin3d.ApplicationTests        : Starting ApplicationTests using Java 17.0.15 with PID 68747 (started by cns_emp in /Volumes/Anh/Job/000902001_Backend)
2025-10-09T13:55:15.045+07:00  INFO 68747 --- [000902001_Backend] [           main] com.cns.plugin3d.ApplicationTests        : No active profile set, falling back to 1 default profile: "default"
2025-10-09T13:55:15.336+07:00  INFO 68747 --- [000902001_Backend] [           main] .s.d.r.c.RepositoryConfigurationDelegate : Bootstrapping Spring Data JPA repositories in DEFAULT mode.
2025-10-09T13:55:15.353+07:00  INFO 68747 --- [000902001_Backend] [           main] .s.d.r.c.RepositoryConfigurationDelegate : Finished Spring Data repository scanning in 13 ms. Found 1 JPA repository interface.
2025-10-09T13:55:15.561+07:00  INFO 68747 --- [000902001_Backend] [           main] com.zaxxer.hikari.HikariDataSource       : HikariPool-1 - Starting...
2025-10-09T13:55:15.651+07:00  INFO 68747 --- [000902001_Backend] [           main] com.zaxxer.hikari.pool.HikariPool        : HikariPool-1 - Added connection org.postgresql.jdbc.PgConnection@34f7b44f
2025-10-09T13:55:15.652+07:00  INFO 68747 --- [000902001_Backend] [           main] com.zaxxer.hikari.HikariDataSource       : HikariPool-1 - Start completed.
2025-10-09T13:55:15.662+07:00  INFO 68747 --- [000902001_Backend] [           main] org.flywaydb.core.FlywayExecutor         : Database: jdbc:postgresql://localhost:5432/test (PostgreSQL 16.10)
2025-10-09T13:55:15.677+07:00  INFO 68747 --- [000902001_Backend] [           main] o.f.c.i.s.JdbcTableSchemaHistory         : Schema history table "public"."flyway_schema_history" does not exist yet
2025-10-09T13:55:15.678+07:00  INFO 68747 --- [000902001_Backend] [           main] o.f.core.internal.command.DbValidate     : Successfully validated 1 migration (execution time 00:00.007s)
2025-10-09T13:55:15.685+07:00  INFO 68747 --- [000902001_Backend] [           main] o.f.c.i.s.JdbcTableSchemaHistory         : Creating Schema History table "public"."flyway_schema_history" with baseline ...
2025-10-09T13:55:15.707+07:00  INFO 68747 --- [000902001_Backend] [           main] o.f.core.internal.command.DbBaseline     : Successfully baselined schema with version: 1
2025-10-09T13:55:15.725+07:00  INFO 68747 --- [000902001_Backend] [           main] o.f.core.internal.command.DbMigrate      : Current version of schema "public": 1
2025-10-09T13:55:15.726+07:00  INFO 68747 --- [000902001_Backend] [           main] o.f.core.internal.command.DbMigrate      : Schema "public" is up to date. No migration necessary.
2025-10-09T13:55:15.763+07:00  INFO 68747 --- [000902001_Backend] [           main] o.hibernate.jpa.internal.util.LogHelper  : HHH000204: Processing PersistenceUnitInfo [name: default]
2025-10-09T13:55:15.786+07:00  INFO 68747 --- [000902001_Backend] [           main] org.hibernate.Version                    : HHH000412: Hibernate ORM core version 6.6.29.Final
2025-10-09T13:55:15.800+07:00  INFO 68747 --- [000902001_Backend] [           main] o.h.c.internal.RegionFactoryInitiator    : HHH000026: Second-level cache disabled
2025-10-09T13:55:15.903+07:00  INFO 68747 --- [000902001_Backend] [           main] o.s.o.j.p.SpringPersistenceUnitInfo      : No LoadTimeWeaver setup: ignoring JPA class transformer
2025-10-09T13:55:15.923+07:00  WARN 68747 --- [000902001_Backend] [           main] org.hibernate.orm.deprecation            : HHH90000025: PostgreSQLDialect does not need to be specified explicitly using 'hibernate.dialect' (remove the property setting and it will be selected by default)
2025-10-09T13:55:15.928+07:00  INFO 68747 --- [000902001_Backend] [           main] org.hibernate.orm.connections.pooling    : HHH10001005: Database info:
	Database JDBC URL [Connecting through datasource 'HikariDataSource (HikariPool-1)']
	Database driver: undefined/unknown
	Database version: 16.10
	Autocommit mode: undefined/unknown
	Isolation level: undefined/unknown
	Minimum pool size: undefined/unknown
	Maximum pool size: undefined/unknown
2025-10-09T13:55:16.297+07:00  INFO 68747 --- [000902001_Backend] [           main] o.h.e.t.j.p.i.JtaPlatformInitiator       : HHH000489: No JTA platform available (set 'hibernate.transaction.jta.platform' to enable JTA platform integration)
2025-10-09T13:55:16.315+07:00  INFO 68747 --- [000902001_Backend] [           main] j.LocalContainerEntityManagerFactoryBean : Initialized JPA EntityManagerFactory for persistence unit 'default'
2025-10-09T13:55:16.454+07:00  WARN 68747 --- [000902001_Backend] [           main] JpaBaseConfiguration$JpaWebConfiguration : spring.jpa.open-in-view is enabled by default. Therefore, database queries may be performed during view rendering. Explicitly configure spring.jpa.open-in-view to disable this warning
2025-10-09T13:55:16.600+07:00  INFO 68747 --- [000902001_Backend] [           main] eAuthenticationProviderManagerConfigurer : Global AuthenticationManager configured with AuthenticationProvider bean with name authProvider
2025-10-09T13:55:16.600+07:00  WARN 68747 --- [000902001_Backend] [           main] r$InitializeUserDetailsManagerConfigurer : Global AuthenticationManager configured with an AuthenticationProvider bean. UserDetailsService beans will not be used by Spring Security for automatically configuring username/password login. Consider removing the AuthenticationProvider bean. Alternatively, consider using the UserDetailsService in a manually instantiated DaoAuthenticationProvider. If the current configuration is intentional, to turn off this warning, increase the logging level of 'org.springframework.security.config.annotation.authentication.configuration.InitializeUserDetailsBeanManagerConfigurer' to ERROR
2025-10-09T13:55:16.619+07:00  WARN 68747 --- [000902001_Backend] [           main] thorizationManagerRequestMatcherRegistry : One of the patterns in [api/auth/**] is missing a leading slash. This is discouraged; please include the leading slash in all your request matcher patterns. In future versions of Spring Security, leaving out the leading slash will result in an exception.
2025-10-09T13:55:16.773+07:00  INFO 68747 --- [000902001_Backend] [           main] com.cns.plugin3d.ApplicationTests        : Started ApplicationTests in 1.833 seconds (process running for 2.358)
]]></system-out>
  </testcase>
</testsuite>